<?xml version="1.0" encoding="UTF-8"?>
<!-- Generated by org.testng.reporters.JUnitXMLReporter -->
<testsuite ignored="0" hostname="DESKTOP-1RUG6TJ" failures="0" tests="4" name="Default test" time="10.025" errors="0" timestamp="2024-07-18T23:00:28 IST">
  <testcase classname="api.test.UserTests" name="testPostUser" time="4.005"/>
  <testcase classname="api.test.UserTests" name="getUserByName" time="1.185"/>
  <testcase classname="api.test.UserTests" name="updatetUserByName" time="2.364"/>
  <testcase classname="api.test.UserTests" name="deleteUserByName" time="1.122"/>
</testsuite> <!-- Default test -->
