<?xml version="1.0" encoding="UTF-8"?>
<!-- Generated by org.testng.reporters.JUnitXMLReporter -->
<testsuite ignored="0" hostname="DESKTOP-1RUG6TJ" failures="0" tests="4" name="Test" time="12.729" errors="0" timestamp="2024-07-19T18:27:54 IST">
  <testcase classname="api.test.UserTests2" name="testPostUser" time="5.41"/>
  <testcase classname="api.test.UserTests2" name="getUserByName" time="1.259"/>
  <testcase classname="api.test.UserTests2" name="updatetUserByName" time="2.399"/>
  <testcase classname="api.test.UserTests2" name="deleteUserByName" time="1.121"/>
</testsuite> <!-- Test -->
