<?xml version="1.0" encoding="UTF-8"?>
<testng-results ignored="0" total="4" passed="4" failed="0" skipped="0">
  <reporter-output>
  </reporter-output>
  <suite started-at="2024-07-19T18:27:41 IST" name="Suite" finished-at="2024-07-19T18:27:53 IST" duration-ms="12729">
    <groups>
    </groups>
    <test started-at="2024-07-19T18:27:41 IST" name="Test" finished-at="2024-07-19T18:27:53 IST" duration-ms="12729">
      <class name="api.test.UserTests2">
        <test-method is-config="true" signature="setupData()[pri:0, instance:api.test.UserTests2@9f116cc]" started-at="2024-07-19T18:27:41 IST" name="setupData" finished-at="2024-07-19T18:27:43 IST" duration-ms="1902" status="PASS">
          <reporter-output>
          </reporter-output>
        </test-method> <!-- setupData -->
        <test-method signature="testPostUser()[pri:1, instance:api.test.UserTests2@9f116cc]" started-at="2024-07-19T18:27:43 IST" name="testPostUser" finished-at="2024-07-19T18:27:48 IST" duration-ms="5410" status="PASS">
          <reporter-output>
          </reporter-output>
        </test-method> <!-- testPostUser -->
        <test-method signature="getUserByName()[pri:2, instance:api.test.UserTests2@9f116cc]" started-at="2024-07-19T18:27:48 IST" name="getUserByName" finished-at="2024-07-19T18:27:50 IST" duration-ms="1259" status="PASS">
          <reporter-output>
          </reporter-output>
        </test-method> <!-- getUserByName -->
        <test-method signature="updatetUserByName()[pri:3, instance:api.test.UserTests2@9f116cc]" started-at="2024-07-19T18:27:50 IST" name="updatetUserByName" finished-at="2024-07-19T18:27:52 IST" duration-ms="2399" status="PASS">
          <reporter-output>
          </reporter-output>
        </test-method> <!-- updatetUserByName -->
        <test-method signature="deleteUserByName()[pri:4, instance:api.test.UserTests2@9f116cc]" started-at="2024-07-19T18:27:52 IST" name="deleteUserByName" finished-at="2024-07-19T18:27:53 IST" duration-ms="1121" status="PASS">
          <reporter-output>
          </reporter-output>
        </test-method> <!-- deleteUserByName -->
      </class> <!-- api.test.UserTests2 -->
    </test> <!-- Test -->
  </suite> <!-- Suite -->
</testng-results>
